Running altool at path '/Applications/Xcode_16.4.app/Contents/SharedFrameworks/ContentDeliveryServices.framework/Frameworks/AppStoreService.framework/Support/altool'...
2026-02-11 06:34:55.341 ERROR: [altool.600002620000] [ContentDelivery.Uploader.600002620000] Validation failed (409) Invalid Pre-Release Train. The train version '1.0.0' is closed for new build submissions (ID: 3e3cc563-ea21-44e8-be7f-4c71d73ef589)
2026-02-11 06:34:55.342 ERROR: [altool.600002620000] [ContentDelivery.Uploader.600002620000] Validation failed (409) This bundle is invalid. The value for key CFBundleShortVersionString [1.0.0] in the Info.plist file must contain a higher version than that of the previously approved version [1.0.0]. Please find more information about CFBundleShortVersionString at https://developer.apple.com/documentation/bundleresources/information_property_list/cfbundleshortversionstring (ID: e6a68245-bed7-4657-9455-b7d8b9633895)
2026-02-11 06:35:07.817  INFO: [altool.600002620000] [ContentDelivery.Uploader.600002620000] 
=======================================
UPLOAD FAILED with 2 errors, 0 warnings, 0 messages
=======================================
2026-02-11 06:35:07.821 ERROR: [altool.600002620000] Error uploading 'AI_Art.ipa/AI_Art.ipa'.
2026-02-11 06:35:07.821 ERROR: [altool.600002620000] Validation failed Invalid Pre-Release Train. The train version '1.0.0' is closed for new build submissions (ID: 3e3cc563-ea21-44e8-be7f-4c71d73ef589) (409)
 {
    NSLocalizedDescription = "Validation failed";
    NSLocalizedFailureReason = "Invalid Pre-Release Train. The train version '1.0.0' is closed for new build submissions (ID: 3e3cc563-ea21-44e8-be7f-4c71d73ef589)";
    NSUnderlyingError = "Error Domain=IrisAPI Code=-19241 \"Validation failed\" UserInfo={status=409, detail=Invalid Pre-Release Train. The train version '1.0.0' is closed for new build submissions, id=3e3cc563-ea21-44e8-be7f-4c71d73ef589, code=STATE_ERROR.VALIDATION_ERROR, title=Validation failed, NSLocalizedFailureReason=Invalid Pre-Release Train. The train version '1.0.0' is closed for new build submissions, NSLocalizedDescription=Validation failed}";
    "iris-code" = "STATE_ERROR.VALIDATION_ERROR";
}
2026-02-11 06:35:07.821 ERROR: [altool.600002620000] Validation failed This bundle is invalid. The value for key CFBundleShortVersionString [1.0.0] in the Info.plist file must contain a higher version than that of the previously approved version [1.0.0]. Please find more information about CFBundleShortVersionString at https://developer.apple.com/documentation/bundleresources/information_property_list/cfbundleshortversionstring (ID: e6a68245-bed7-4657-9455-b7d8b9633895) (409)
 {
    NSLocalizedDescription = "Validation failed";
    NSLocalizedFailureReason = "This bundle is invalid. The value for key CFBundleShortVersionString [1.0.0] in the Info.plist file must contain a higher version than that of the previously approved version [1.0.0]. Please find more information about CFBundleShortVersionString at https://developer.apple.com/documentation/bundleresources/information_property_list/cfbundleshortversionstring (ID: e6a68245-bed7-4657-9455-b7d8b9633895)";
    NSUnderlyingError = "Error Domain=IrisAPI Code=-19241 \"Validation failed\" UserInfo={status=409, detail=This bundle is invalid. The value for key CFBundleShortVersionString [1.0.0] in the Info.plist file must contain a higher version than that of the previously approved version [1.0.0]. Please find more information about CFBundleShortVersionString at https://developer.apple.com/documentation/bundleresources/information_property_list/cfbundleshortversionstring, id=e6a68245-bed7-4657-9455-b7d8b9633895, code=STATE_ERROR.VALIDATION_ERROR, title=Validation failed, NSLocalizedFailureReason=This bundle is invalid. The value for key CFBundleShortVersionString [1.0.0] in the Info.plist file must contain a higher version than that of the previously approved version [1.0.0]. Please find more information about CFBundleShortVersionString at https://developer.apple.com/documentation/bundleresources/information_property_list/cfbundleshortversionstring, NSLocalizedDescription=Validation failed}";
    "iris-code" = "STATE_ERROR.VALIDATION_ERROR";
}
